<?xml version="1.0" encoding="UTF-8"?>
<testsuite name="com.company.diamonds.logic.LogicUnitTests" tests="8" skipped="0" failures="0" errors="0" timestamp="2024-02-19T08:54:15" hostname="DESKTOP-I7S96V3" time="0.051">
  <properties/>
  <testcase name="testDiamond1" classname="com.company.diamonds.logic.LogicUnitTests" time="0.019"/>
  <testcase name="testDiamond2" classname="com.company.diamonds.logic.LogicUnitTests" time="0.001"/>
  <testcase name="testDiamond3" classname="com.company.diamonds.logic.LogicUnitTests" time="0.003"/>
  <testcase name="testDiamond4" classname="com.company.diamonds.logic.LogicUnitTests" time="0.003"/>
  <testcase name="testDiamond5" classname="com.company.diamonds.logic.LogicUnitTests" time="0.003"/>
  <testcase name="testDiamond6" classname="com.company.diamonds.logic.LogicUnitTests" time="0.017"/>
  <testcase name="testDiamond7" classname="com.company.diamonds.logic.LogicUnitTests" time="0.001"/>
  <testcase name="testDiamond8" classname="com.company.diamonds.logic.LogicUnitTests" time="0.001"/>
  <system-out><![CDATA[]]></system-out>
  <system-err><![CDATA[]]></system-err>
</testsuite>
